{"/home/metelya/coding/frontend-project-lvl2/src/index.js": {"path":"/home/metelya/coding/frontend-project-lvl2/src/index.js","all":false,"statementMap":{"0":{"start":{"line":1,"column":0},"end":{"line":1,"column":34}},"1":{"start":{"line":2,"column":0},"end":{"line":2,"column":23}},"2":{"start":{"line":3,"column":0},"end":{"line":3,"column":0}},"3":{"start":{"line":4,"column":0},"end":{"line":4,"column":46}},"4":{"start":{"line":5,"column":0},"end":{"line":5,"column":0}},"5":{"start":{"line":6,"column":0},"end":{"line":6,"column":43}},"6":{"start":{"line":7,"column":0},"end":{"line":7,"column":56}},"7":{"start":{"line":8,"column":0},"end":{"line":8,"column":47}},"8":{"start":{"line":9,"column":0},"end":{"line":9,"column":56}},"9":{"start":{"line":10,"column":0},"end":{"line":10,"column":47}},"10":{"start":{"line":11,"column":0},"end":{"line":11,"column":62}},"11":{"start":{"line":12,"column":0},"end":{"line":12,"column":61}},"12":{"start":{"line":13,"column":0},"end":{"line":13,"column":78}},"13":{"start":{"line":14,"column":0},"end":{"line":14,"column":71}},"14":{"start":{"line":15,"column":0},"end":{"line":15,"column":28}},"15":{"start":{"line":16,"column":0},"end":{"line":16,"column":0}},"16":{"start":{"line":17,"column":0},"end":{"line":17,"column":27}},"17":{"start":{"line":18,"column":0},"end":{"line":18,"column":29}},"18":{"start":{"line":19,"column":0},"end":{"line":19,"column":41}},"19":{"start":{"line":20,"column":0},"end":{"line":20,"column":44}},"20":{"start":{"line":21,"column":0},"end":{"line":21,"column":16}},"21":{"start":{"line":22,"column":0},"end":{"line":22,"column":44}},"22":{"start":{"line":23,"column":0},"end":{"line":23,"column":55}},"23":{"start":{"line":24,"column":0},"end":{"line":24,"column":9}},"24":{"start":{"line":25,"column":0},"end":{"line":25,"column":14}},"25":{"start":{"line":26,"column":0},"end":{"line":26,"column":42}},"26":{"start":{"line":27,"column":0},"end":{"line":27,"column":7}},"27":{"start":{"line":28,"column":0},"end":{"line":28,"column":12}},"28":{"start":{"line":29,"column":0},"end":{"line":29,"column":51}},"29":{"start":{"line":30,"column":0},"end":{"line":30,"column":5}},"30":{"start":{"line":31,"column":0},"end":{"line":31,"column":0}},"31":{"start":{"line":32,"column":0},"end":{"line":32,"column":18}},"32":{"start":{"line":33,"column":0},"end":{"line":33,"column":9}},"33":{"start":{"line":34,"column":0},"end":{"line":34,"column":0}},"34":{"start":{"line":35,"column":0},"end":{"line":35,"column":26}},"35":{"start":{"line":36,"column":0},"end":{"line":36,"column":2}},"36":{"start":{"line":37,"column":0},"end":{"line":37,"column":0}},"37":{"start":{"line":38,"column":0},"end":{"line":38,"column":23}}},"s":{"0":1,"1":1,"2":1,"3":1,"4":1,"5":1,"6":5,"7":5,"8":5,"9":5,"10":5,"11":5,"12":5,"13":5,"14":28,"15":28,"16":28,"17":26,"18":14,"19":13,"20":14,"21":1,"22":1,"23":1,"24":26,"25":12,"26":12,"27":28,"28":2,"29":2,"30":28,"31":28,"32":5,"33":5,"34":5,"35":5,"36":1,"37":1},"branchMap":{"0":{"type":"branch","line":4,"loc":{"start":{"line":4,"column":19},"end":{"line":4,"column":34}},"locations":[{"start":{"line":4,"column":19},"end":{"line":4,"column":34}}]},"1":{"type":"branch","line":6,"loc":{"start":{"line":6,"column":16},"end":{"line":36,"column":2}},"locations":[{"start":{"line":6,"column":16},"end":{"line":36,"column":2}}]},"2":{"type":"branch","line":13,"loc":{"start":{"line":13,"column":62},"end":{"line":13,"column":78}},"locations":[{"start":{"line":13,"column":62},"end":{"line":13,"column":78}}]},"3":{"type":"branch","line":14,"loc":{"start":{"line":14,"column":47},"end":{"line":33,"column":5}},"locations":[{"start":{"line":14,"column":47},"end":{"line":33,"column":5}}]},"4":{"type":"branch","line":17,"loc":{"start":{"line":17,"column":26},"end":{"line":28,"column":11}},"locations":[{"start":{"line":17,"column":26},"end":{"line":28,"column":11}}]},"5":{"type":"branch","line":18,"loc":{"start":{"line":18,"column":28},"end":{"line":25,"column":13}},"locations":[{"start":{"line":18,"column":28},"end":{"line":25,"column":13}}]},"6":{"type":"branch","line":19,"loc":{"start":{"line":19,"column":40},"end":{"line":21,"column":15}},"locations":[{"start":{"line":19,"column":40},"end":{"line":21,"column":15}}]},"7":{"type":"branch","line":21,"loc":{"start":{"line":21,"column":9},"end":{"line":24,"column":9}},"locations":[{"start":{"line":21,"column":9},"end":{"line":24,"column":9}}]},"8":{"type":"branch","line":25,"loc":{"start":{"line":25,"column":7},"end":{"line":27,"column":7}},"locations":[{"start":{"line":25,"column":7},"end":{"line":27,"column":7}}]},"9":{"type":"branch","line":28,"loc":{"start":{"line":28,"column":5},"end":{"line":30,"column":5}},"locations":[{"start":{"line":28,"column":5},"end":{"line":30,"column":5}}]}},"b":{"0":[5],"1":[5],"2":[28],"3":[28],"4":[26],"5":[14],"6":[13],"7":[1],"8":[12],"9":[2]},"fnMap":{"0":{"name":"stringify","decl":{"start":{"line":4,"column":19},"end":{"line":4,"column":34}},"loc":{"start":{"line":4,"column":19},"end":{"line":4,"column":34}},"line":4},"1":{"name":"genDiff","decl":{"start":{"line":6,"column":16},"end":{"line":36,"column":2}},"loc":{"start":{"line":6,"column":16},"end":{"line":36,"column":2}},"line":6}},"f":{"0":5,"1":5}}
}
