TN:
SF:src/index.js
FN:4,stringify
FN:6,genDiff
FNF:2
FNH:2
FNDA:5,stringify
FNDA:5,genDiff
DA:1,1
DA:2,1
DA:3,1
DA:4,1
DA:5,1
DA:6,1
DA:7,5
DA:8,5
DA:9,5
DA:10,5
DA:11,5
DA:12,5
DA:13,5
DA:14,5
DA:15,28
DA:16,28
DA:17,28
DA:18,26
DA:19,14
DA:20,13
DA:21,14
DA:22,1
DA:23,1
DA:24,1
DA:25,26
DA:26,12
DA:27,12
DA:28,28
DA:29,2
DA:30,2
DA:31,28
DA:32,28
DA:33,5
DA:34,5
DA:35,5
DA:36,5
DA:37,1
DA:38,1
LF:38
LH:38
BRDA:4,0,0,5
BRDA:6,1,0,5
BRDA:13,2,0,28
BRDA:14,3,0,28
BRDA:17,4,0,26
BRDA:18,5,0,14
BRDA:19,6,0,13
BRDA:21,7,0,1
BRDA:25,8,0,12
BRDA:28,9,0,2
BRF:10
BRH:10
end_of_record
